\BOOKMARK [1][-]{section.1}{\376\377\137\025\212\000}{}% 1
\BOOKMARK [1][-]{section.2}{\376\377\166\370\121\163\135\345\117\134\116\016\225\356\230\230\133\232\117\115}{}% 2
\BOOKMARK [1][-]{section.3}{\376\377\145\271\154\325}{}% 3
\BOOKMARK [2][-]{subsection.3.1}{\376\377\225\356\230\230\210\150\217\360\116\016\145\271\154\325\151\202\211\310}{section.3}% 4
\BOOKMARK [2][-]{subsection.3.2}{\376\377\120\031\220\011\123\354\126\336}{section.3}% 5
\BOOKMARK [2][-]{subsection.3.3}{\376\377\211\304\122\031\215\357\165\061}{section.3}% 6
\BOOKMARK [2][-]{subsection.3.4}{\376\377\176\323\147\204\123\026\213\355\116\111\122\044\122\053}{section.3}% 7
\BOOKMARK [2][-]{subsection.3.5}{\376\377\200\114\215\043\123\026\123\117\117\134\131\015\150\070}{section.3}% 8
\BOOKMARK [2][-]{subsection.3.6}{\376\377\123\117\117\134\211\346\123\321\116\016\145\071\122\044\143\210\147\103}{section.3}% 9
\BOOKMARK [2][-]{subsection.3.7}{\376\377\217\307\172\013\213\260\137\125\116\016\123\357\133\241\213\241\140\047}{section.3}% 10
\BOOKMARK [2][-]{subsection.3.8}{\376\377\142\147\210\114\204\075\160\271\211\343\147\220}{section.3}% 11
\BOOKMARK [1][-]{section.4}{\376\377\133\236\232\214}{}% 12
\BOOKMARK [2][-]{subsection.4.1}{\376\377\145\160\143\156\215\104\116\247}{section.4}% 13
\BOOKMARK [2][-]{subsection.4.2}{\376\377\213\304\155\113\123\117\213\256\116\016\143\007\150\007}{section.4}% 14
\BOOKMARK [1][-]{section.5}{\376\377\133\236\232\214\176\323\147\234}{}% 15
\BOOKMARK [2][-]{subsection.5.1}{\376\377\176\337\116\000\000\040\000t\000r\000a\000i\000n\000/\000t\000e\000s\000t\000\040\116\073\176\323\147\234}{section.5}% 16
\BOOKMARK [2][-]{subsection.5.2}{\376\377\117\125\145\366\123\117\117\134\131\015\150\070\147\011\145\110\377\032\121\263\173\126\221\115\177\156\133\371\153\324}{section.5}% 17
\BOOKMARK [2][-]{subsection.5.3}{\376\377\117\125\171\315\123\117\117\134\137\142\137\017\147\011\145\110\377\032\123\117\117\134\131\015\150\070\155\210\207\215}{section.5}% 18
\BOOKMARK [2][-]{subsection.5.4}{\376\377\145\066\166\312\121\372\163\260\127\050\124\352\221\314\377\032\124\016\232\214\213\312\145\255\122\006\147\220}{section.5}% 19
\BOOKMARK [2][-]{subsection.5.5}{\376\377\142\147\210\114\215\037\217\175\116\343\164\006}{section.5}% 20
\BOOKMARK [1][-]{section.6}{\376\377\213\250\213\272}{}% 21
\BOOKMARK [1][-]{section.7}{\376\377\134\100\226\120\140\047}{}% 22
\BOOKMARK [1][-]{section.8}{\376\377\176\323\213\272}{}% 23
\BOOKMARK [1][-]{appendix.A}{\376\377\226\104\137\125\377\032\133\236\163\260\176\306\202\202\116\016\000\040\000P\000r\000o\000m\000p\000t\000\040\000C\000o\000n\000t\000r\000a\000c\000t}{}% 24
\BOOKMARK [2][-]{subsection.A.1}{\376\377\213\304\122\006\176\306\202\202\116\016\226\010\120\074\152\041\147\177}{appendix.A}% 25
\BOOKMARK [2][-]{subsection.A.2}{\376\377\213\312\145\255\122\006\147\220\211\306\211\322}{appendix.A}% 26
\BOOKMARK [2][-]{subsection.A.3}{\376\377\166\364\143\245\215\357\165\061\166\204\000\040\000D\000e\000c\000i\000s\000i\000o\000n\000\040\000P\000a\000c\000k\000e\000t}{appendix.A}% 27
\BOOKMARK [2][-]{subsection.A.4}{\376\377\211\322\202\162\123\026\131\015\150\070\000\040\000P\000a\000c\000k\000e\000t}{appendix.A}% 28
\BOOKMARK [2][-]{subsection.A.5}{\376\377\116\072\117\125\134\006\000\040\000P\000r\000o\000m\000p\000t\000\040\145\076\121\145\226\104\137\125}{appendix.A}% 29
